[INFO] Scanning for projects...
[INFO] 
[INFO] -------------------< cs.msu.edu:csci-468-spring2022 >-------------------
[INFO] Building csci-468-spring2022 1.0-SNAPSHOT
[INFO] --------------------------------[ jar ]---------------------------------
[INFO] 
[INFO] --- maven-resources-plugin:2.6:resources (default-resources) @ csci-468-spring2022 ---
[WARNING] Using platform encoding (UTF-8 actually) to copy filtered resources, i.e. build is platform dependent!
[INFO] Copying 5 resources
[INFO] 
[INFO] --- maven-compiler-plugin:3.1:compile (default-compile) @ csci-468-spring2022 ---
[INFO] Nothing to compile - all classes are up to date
[INFO] 
[INFO] --- maven-resources-plugin:2.6:testResources (default-testResources) @ csci-468-spring2022 ---
[WARNING] Using platform encoding (UTF-8 actually) to copy filtered resources, i.e. build is platform dependent!
[INFO] skip non existing resourceDirectory /home/carson/Projects/msu/csci-468-spring2022/grading/scripts/repos/rory_mclean/src/test/resources
[INFO] 
[INFO] --- maven-compiler-plugin:3.1:testCompile (default-testCompile) @ csci-468-spring2022 ---
[INFO] Nothing to compile - all classes are up to date
[INFO] 
[INFO] --- maven-surefire-plugin:2.22.1:test (default-test) @ csci-468-spring2022 ---
[INFO] 
[INFO] -------------------------------------------------------
[INFO]  T E S T S
[INFO] -------------------------------------------------------
[INFO] Running edu.montana.csci.csci468.parser.CatscriptParserExpressionsTest
[INFO] Tests run: 29, Failures: 0, Errors: 0, Skipped: 0, Time elapsed: 0.063 s - in edu.montana.csci.csci468.parser.CatscriptParserExpressionsTest
[INFO] Running edu.montana.csci.csci468.parser.CatscriptParserErrorsTest
[INFO] Tests run: 1, Failures: 0, Errors: 0, Skipped: 0, Time elapsed: 0.001 s - in edu.montana.csci.csci468.parser.CatscriptParserErrorsTest
[INFO] Running edu.montana.csci.csci468.parser.CatscriptParserStatementsTest
[INFO] Tests run: 21, Failures: 0, Errors: 0, Skipped: 0, Time elapsed: 0.012 s - in edu.montana.csci.csci468.parser.CatscriptParserStatementsTest
[INFO] Running edu.montana.csci.csci468.parser.CatscriptParserTypeCheckingTest
[INFO] Tests run: 10, Failures: 0, Errors: 0, Skipped: 0, Time elapsed: 0.007 s - in edu.montana.csci.csci468.parser.CatscriptParserTypeCheckingTest
[INFO] Running edu.montana.csci.csci468.parser.CatscriptParserSymbolCheckingTest
[INFO] Tests run: 8, Failures: 0, Errors: 0, Skipped: 0, Time elapsed: 0.005 s - in edu.montana.csci.csci468.parser.CatscriptParserSymbolCheckingTest
[INFO] Running edu.montana.csci.csci468.eval.CatscriptStatementExecutionTest
[INFO] Tests run: 9, Failures: 0, Errors: 0, Skipped: 0, Time elapsed: 0.005 s - in edu.montana.csci.csci468.eval.CatscriptStatementExecutionTest
[INFO] Running edu.montana.csci.csci468.eval.CatscriptFunctionArgsAndReturnEvalTest
[INFO] Tests run: 14, Failures: 0, Errors: 0, Skipped: 0, Time elapsed: 0.013 s - in edu.montana.csci.csci468.eval.CatscriptFunctionArgsAndReturnEvalTest
[INFO] Running edu.montana.csci.csci468.eval.CatscriptBasicExpressionEvalTest
[INFO] Tests run: 8, Failures: 0, Errors: 0, Skipped: 0, Time elapsed: 0.008 s - in edu.montana.csci.csci468.eval.CatscriptBasicExpressionEvalTest
[INFO] Running edu.montana.csci.csci468.tokenizer.CatScriptTokenizerTest
[ERROR] Tests run: 16, Failures: 1, Errors: 0, Skipped: 0, Time elapsed: 0.018 s <<< FAILURE! - in edu.montana.csci.csci468.tokenizer.CatScriptTokenizerTest
[ERROR] commentsAreIgnored  Time elapsed: 0.012 s  <<< FAILURE!
org.opentest4j.AssertionFailedError: expected: <[SLASH, SLASH, EOF]> but was: <[SLASH, COMMENT, SLASH, COMMENT, EOF]>
	at edu.montana.csci.csci468.tokenizer.CatScriptTokenizerTest.commentsAreIgnored(CatScriptTokenizerTest.java:88)

[INFO] 
[INFO] Results:
[INFO] 
[ERROR] Failures: 
[ERROR]   CatScriptTokenizerTest.commentsAreIgnored:88->CatscriptTestBase.assertTokensAre:63 expected: <[SLASH, SLASH, EOF]> but was: <[SLASH, COMMENT, SLASH, COMMENT, EOF]>
[INFO] 
[ERROR] Tests run: 116, Failures: 1, Errors: 0, Skipped: 0
[INFO] 
[INFO] ------------------------------------------------------------------------
[INFO] BUILD FAILURE
[INFO] ------------------------------------------------------------------------
[INFO] Total time:  2.211 s
[INFO] Finished at: 2022-04-08T21:53:06-06:00
[INFO] ------------------------------------------------------------------------
[ERROR] Failed to execute goal org.apache.maven.plugins:maven-surefire-plugin:2.22.1:test (default-test) on project csci-468-spring2022: There are test failures.
[ERROR] 
[ERROR] Please refer to /home/carson/Projects/msu/csci-468-spring2022/grading/scripts/repos/rory_mclean/target/surefire-reports for the individual test results.
[ERROR] Please refer to dump files (if any exist) [date].dump, [date]-jvmRun[N].dump and [date].dumpstream.
[ERROR] -> [Help 1]
[ERROR] 
[ERROR] To see the full stack trace of the errors, re-run Maven with the -e switch.
[ERROR] Re-run Maven using the -X switch to enable full debug logging.
[ERROR] 
[ERROR] For more information about the errors and possible solutions, please read the following articles:
[ERROR] [Help 1] http://cwiki.apache.org/confluence/display/MAVEN/MojoFailureException
